Using pre-set license
Built from '2020.3/staging' branch; Version is '2020.3.3f1 (76626098c1c4) revision 7758432'; Using compiler version '192528614'; Build Type 'Release'
OS: 'Windows 10 Pro; OS build 19044.1466; Version 2009; 64bit' Language: 'pt' Physical Memory: 16333 MB
BatchMode: 1, IsHumanControllingUs: 0, StartBugReporterOnCrash: 0, Is64bit: 1, IsPro: 0

 COMMAND LINE ARGUMENTS:
C:\Program Files\Unity\Hub\Editor\2020.3.3f1\Editor\Unity.exe
-adb2
-batchMode
-noUpm
-name
AssetImportWorker0
-projectPath
D:/Work/Games for Change
-logFile
Logs/AssetImportWorker0.log
-srvPort
59863
Successfully changed project path to: D:/Work/Games for Change
D:/Work/Games for Change
Using Asset Import Pipeline V2.
Refreshing native plugins compatible for Editor in 38.23 ms, found 1 plugins.
Preloading 0 native plugins for Editor in 0.00 ms.
Initialize engine version: 2020.3.3f1 (76626098c1c4)
[Subsystems] Discovering subsystems at path C:/Program Files/Unity/Hub/Editor/2020.3.3f1/Editor/Data/Resources/UnitySubsystems
[Subsystems] Discovering subsystems at path D:/Work/Games for Change/Assets
GfxDevice: creating device client; threaded=0
Direct3D:
    Version:  Direct3D 11.0 [level 11.1]
    Renderer: NVIDIA GeForce GTX 1660 SUPER (ID=0x21c4)
    Vendor:   
    VRAM:     5991 MB
    Driver:   30.0.14.9613
Initialize mono
Mono path[0] = 'C:/Program Files/Unity/Hub/Editor/2020.3.3f1/Editor/Data/Managed'
Mono path[1] = 'C:/Program Files/Unity/Hub/Editor/2020.3.3f1/Editor/Data/MonoBleedingEdge/lib/mono/unityjit'
Mono config path = 'C:/Program Files/Unity/Hub/Editor/2020.3.3f1/Editor/Data/MonoBleedingEdge/etc'
Using monoOptions --debugger-agent=transport=dt_socket,embedding=1,server=y,suspend=n,address=127.0.0.1:56836
Begin MonoManager ReloadAssembly
Registering precompiled unity dll's ...
Register platform support module: C:/Program Files/Unity/Hub/Editor/2020.3.3f1/Editor/Data/PlaybackEngines/WindowsStandaloneSupport/UnityEditor.WindowsStandalone.Extensions.dll
Registered in 0.002381 seconds.
Native extension for WindowsStandalone target not found
Refreshing native plugins compatible for Editor in 46.69 ms, found 1 plugins.
Preloading 0 native plugins for Editor in 0.00 ms.
Invoked RoslynAnalysisRunner static constructor.
RoslynAnalysisRunner will not be running.
RoslynAnalysisRunner has terminated.
Mono: successfully reloaded assembly
- Completed reload, in  2.469 seconds
Platform modules already initialized, skipping
Registering precompiled user dll's ...
Registered in 0.001071 seconds.
Begin MonoManager ReloadAssembly
Native extension for WindowsStandalone target not found
Refreshing native plugins compatible for Editor in 47.95 ms, found 1 plugins.
Preloading 0 native plugins for Editor in 0.00 ms.
Invoked RoslynAnalysisRunner static constructor.
RoslynAnalysisRunner will not be running.
RoslynAnalysisRunner has terminated.
Mono: successfully reloaded assembly
- Completed reload, in  1.142 seconds
Platform modules already initialized, skipping
========================================================================
Worker process is ready to serve import requests
Launched and connected shader compiler UnityShaderCompiler.exe after 0.05 seconds
Refreshing native plugins compatible for Editor in 0.37 ms, found 1 plugins.
Preloading 0 native plugins for Editor in 0.00 ms.
Unloading 1808 Unused Serialized files (Serialized files now loaded: 0)
System memory in use before: 84.9 MB.
System memory in use after: 84.8 MB.

Unloading 24 unused Assets to reduce memory usage. Loaded Objects now: 2250.
Total: 2.438400 ms (FindLiveObjects: 0.313800 ms CreateObjectMapping: 0.050600 ms MarkObjects: 1.928600 ms  DeleteObjects: 0.144200 ms)

========================================================================
Received Import Request.
  path: Assets
  artifactKey: Guid(00000000000000001000000000000000) Importer(815301076,1909f56bfc062723c751e8b465ee728b)
Start importing Assets using Guid(00000000000000001000000000000000) Importer(815301076,1909f56bfc062723c751e8b465ee728b)  -> (artifact id: 'b2e0e235c0f4af3754229b664788db90') in 0.010979 seconds
  Import took 0.030729 seconds .

========================================================================
Received Import Request.
  Time since last request: 4.217730 seconds.
  path: Assets/Assets
  artifactKey: Guid(8be495caae64a2d45894e27537f7be8e) Importer(815301076,1909f56bfc062723c751e8b465ee728b)
Start importing Assets/Assets using Guid(8be495caae64a2d45894e27537f7be8e) Importer(815301076,1909f56bfc062723c751e8b465ee728b)  -> (artifact id: '13ce13f78b9251e113613979d32eabb8') in 0.003799 seconds
  Import took 0.008748 seconds .

========================================================================
Received Import Request.
  Time since last request: 9.976739 seconds.
  path: Assets/Scripts
  artifactKey: Guid(90f8f86a52ffa12488cdac909701fe44) Importer(815301076,1909f56bfc062723c751e8b465ee728b)
Start importing Assets/Scripts using Guid(90f8f86a52ffa12488cdac909701fe44) Importer(815301076,1909f56bfc062723c751e8b465ee728b)  -> (artifact id: '4b020d23fdd6c79c8bf383fe842f6e3f') in 0.010873 seconds
  Import took 0.024981 seconds .

========================================================================
Received Import Request.
  Time since last request: 44.309547 seconds.
  path: Assets/Scenes
  artifactKey: Guid(3d8ce37fc4256574a8972169ea840be0) Importer(815301076,1909f56bfc062723c751e8b465ee728b)
Start importing Assets/Scenes using Guid(3d8ce37fc4256574a8972169ea840be0) Importer(815301076,1909f56bfc062723c751e8b465ee728b)  -> (artifact id: 'ea1048ce113052ebd0c7d6f45c975721') in 0.008746 seconds
  Import took 0.058713 seconds .

========================================================================
Received Import Request.
  Time since last request: 0.481436 seconds.
  path: Assets/Scenes/SampleScene.unity
  artifactKey: Guid(2cda990e2423bbf4892e6590ba056729) Importer(815301076,1909f56bfc062723c751e8b465ee728b)
Start importing Assets/Scenes/SampleScene.unity using Guid(2cda990e2423bbf4892e6590ba056729) Importer(815301076,1909f56bfc062723c751e8b465ee728b)  -> (artifact id: '0a59ef0011206403181b6dace8b464c4') in 0.017243 seconds
  Import took 0.027723 seconds .

========================================================================
Received Import Request.
  Time since last request: 8.235684 seconds.
  path: Assets/Scenes/Base.unity
  artifactKey: Guid(2cda990e2423bbf4892e6590ba056729) Importer(815301076,1909f56bfc062723c751e8b465ee728b)
Start importing Assets/Scenes/Base.unity using Guid(2cda990e2423bbf4892e6590ba056729) Importer(815301076,1909f56bfc062723c751e8b465ee728b)  -> (artifact id: 'cb06c5108a52fde41ecc2a416d214501') in 0.008728 seconds
  Import took 0.026157 seconds .

========================================================================
Received Import Request.
  Time since last request: 68.365352 seconds.
  path: Assets/Sounds
  artifactKey: Guid(95a1efdbf53e7f74a83f2f49f6913928) Importer(815301076,1909f56bfc062723c751e8b465ee728b)
Start importing Assets/Sounds using Guid(95a1efdbf53e7f74a83f2f49f6913928) Importer(815301076,1909f56bfc062723c751e8b465ee728b)  -> (artifact id: '9065703b85815b0d40d0e558915b465a') in 0.010003 seconds
  Import took 0.015203 seconds .

========================================================================
Received Import Request.
  Time since last request: 17.584846 seconds.
  path: Assets/Prefabs
  artifactKey: Guid(11912e5eed86a864db400e1f3d50cc70) Importer(815301076,1909f56bfc062723c751e8b465ee728b)
Start importing Assets/Prefabs using Guid(11912e5eed86a864db400e1f3d50cc70) Importer(815301076,1909f56bfc062723c751e8b465ee728b)  -> (artifact id: '3179cb3dfa73a2082bc7004be055ff03') in 0.013360 seconds
  Import took 0.017222 seconds .

AssetImportWorkerClient::OnTransportError - code=2 error=End of file
